<?xml version="1.0" encoding="UTF-8"?>
<!-- Generated by org.testng.reporters.JUnitReportReporter -->
<testsuite hostname="DESKTOP-HKVN9FH" failures="0" tests="7" name="com.project.zetalabs.tests.SignUpTest" time="247.843" errors="0" timestamp="2025-03-19T14:29:34 GMT+05:45" skipped="0">
  <testcase classname="com.project.zetalabs.tests.SignUpTest" name="verifyRedirectToSignUp" time="60.763"/>
  <system-out>
    <![CDATA[Test Passed: Redirecting to Sign Up was Succeed
Test Failed: Redirecting to Sign Up was not Succeed]]>
  </system-out>
  <testcase classname="com.project.zetalabs.tests.SignUpTest" name="verifyValidSignUp" time="11.248"/>
  <system-out>
    <![CDATA[Test Passed: Valid SignUp was Redirected to /email-verify]]>
  </system-out>
  <testcase classname="com.project.zetalabs.tests.SignUpTest" name="verifyBlankSignUp" time="33.740"/>
  <system-out>
    <![CDATA[Test Passed: Validation Message was Displayed]]>
  </system-out>
  <testcase classname="com.project.zetalabs.tests.SignUpTest" name="verifyInvalidEmail" time="32.579"/>
  <system-out>
    <![CDATA[Test Passed: Valid SignUp was Redirected to /email-verify]]>
  </system-out>
  <testcase classname="com.project.zetalabs.tests.SignUpTest" name="verifyWeakPassword" time="40.745"/>
  <system-out/>
  <testcase classname="com.project.zetalabs.tests.SignUpTest" name="verifySignUpWithOldData" time="31.752"/>
  <system-out>
    <![CDATA[Test Passed: Error Message was Displayed]]>
  </system-out>
  <testcase classname="com.project.zetalabs.tests.SignUpTest" name="verifyPasswordVisibilityToggle" time="37.016"/>
  <system-out>
    <![CDATA[Test Passed: Password Visibility Button Was Functioning Properly]]>
  </system-out>
</testsuite> <!-- com.project.zetalabs.tests.SignUpTest -->
