<?xml version="1.0" encoding="UTF-8"?>
<!-- Generated by org.testng.reporters.JUnitReportReporter -->
<testsuite hostname="DESKTOP-HKVN9FH" failures="0" tests="7" name="com.project.zetalabs.tests.OrganizationCreateTest" time="306.521" errors="0" timestamp="2025-03-19T16:42:27 GMT+05:45" skipped="0">
  <testcase classname="com.project.zetalabs.tests.OrganizationCreateTest" name="verifyBlankOrganizationCreation" time="35.955"/>
  <system-out>
    <![CDATA[Test Passed: Validation Message was Displayed below all the form Fields]]>
  </system-out>
  <testcase classname="com.project.zetalabs.tests.OrganizationCreateTest" name="verifyInvalidEmailInOrganizationCreation" time="44.288"/>
  <system-out>
    <![CDATA[Test Passed: Validation Message was Displayed mentioning Email format Was invalid]]>
  </system-out>
  <testcase classname="com.project.zetalabs.tests.OrganizationCreateTest" name="verifyInvalidPhoneNumberInOrganizationCreate" time="45.495"/>
  <system-out>
    <![CDATA[Test Passed: Validation Message was Displayed mentioning Phone Number format Was invalid]]>
  </system-out>
  <testcase classname="com.project.zetalabs.tests.OrganizationCreateTest" name="verifyInvalidWebsiteInOrganization" time="44.733"/>
  <system-out>
    <![CDATA[Test Passed: Validation Message was Displayed mentioning Email format Was invalid]]>
  </system-out>
  <testcase classname="com.project.zetalabs.tests.OrganizationCreateTest" name="verifyUploadNonImageFile" time="44.176"/>
  <system-out>
    <![CDATA[Test Passed: Non Image File was Not taken]]>
  </system-out>
  <testcase classname="com.project.zetalabs.tests.OrganizationCreateTest" name="verifyInvalidPostalCodeinOrganizationCreate" time="45.707"/>
  <system-out>
    <![CDATA[Test Passed: Validation Message was Displayed]]>
  </system-out>
  <testcase classname="com.project.zetalabs.tests.OrganizationCreateTest" name="verifyValidOrganizationCreation" time="46.167"/>
  <system-out>
    <![CDATA[Test Passed: Redirected to http://192.168.1.72:3000/]]>
  </system-out>
</testsuite> <!-- com.project.zetalabs.tests.OrganizationCreateTest -->
