<?xml version="1.0" encoding="UTF-8"?>
<!-- Generated by org.testng.reporters.JUnitReportReporter -->
<testsuite hostname="DESKTOP-HKVN9FH" failures="0" tests="1" name="com.project.zetalabs.tests.createAdminTest" time="35.615" errors="0" timestamp="2025-02-24T15:34:57 GMT+05:45" skipped="0">
  <testcase classname="com.project.zetalabs.tests.createAdminTest" name="verifyCreateAdminValid" time="35.615"/>
  <system-out>
    <![CDATA[Test Case Passed, It Proceeds]]>
  </system-out>
</testsuite> <!-- com.project.zetalabs.tests.createAdminTest -->
