<?xml version="1.0" encoding="UTF-8"?>
<!-- Generated by org.testng.reporters.JUnitReportReporter -->
<testsuite hostname="DESKTOP-HKVN9FH" failures="0" tests="1" name="com.project.zetalabs.tests.LoginTest" time="20.514" errors="0" timestamp="2025-03-06T13:56:34 GMT+05:45" skipped="0">
  <testcase classname="com.project.zetalabs.tests.LoginTest" name="verifyInvalidResetEmailFormat" time="20.514"/>
  <system-out>
    <![CDATA[Test Passed: Validation Message was Displayed mentioning Password Invalid Email]]>
  </system-out>
</testsuite> <!-- com.project.zetalabs.tests.LoginTest -->
