<?xml version="1.0" encoding="UTF-8"?>
<!-- Generated by org.testng.reporters.JUnitReportReporter -->
<testsuite hostname="DESKTOP-HKVN9FH" failures="0" tests="14" name="com.project.zetalabs.tests.LoginTest" time="504.040" errors="0" timestamp="2025-03-19T16:22:49 GMT+05:45" skipped="0">
  <testcase classname="com.project.zetalabs.tests.LoginTest" name="verifyVerifiedCorrectCredentialsWithOrganization" time="34.062"/>
  <system-out>
    <![CDATA[Test Passed: Verified Login was Redirected to http://192.168.1.72:3000/]]>
  </system-out>
  <testcase classname="com.project.zetalabs.tests.LoginTest" name="verifyVerifiedCorrectCredentialsWithoutOrganization" time="34.398"/>
  <system-out>
    <![CDATA[Test Passed: Verified Login was Redirected to /create-organization]]>
  </system-out>
  <testcase classname="com.project.zetalabs.tests.LoginTest" name="verifyUnverifiedCorrectCredentials" time="36.413"/>
  <system-out>
    <![CDATA[Test Passed: Validation Message was Displayed mentioning Email was not Verified]]>
  </system-out>
  <testcase classname="com.project.zetalabs.tests.LoginTest" name="verifyIncorrectPassword" time="35.776"/>
  <system-out>
    <![CDATA[Test Passed: Validation Message was Displayed mentioning Email was not Registered]]>
  </system-out>
  <testcase classname="com.project.zetalabs.tests.LoginTest" name="verifyIncorrectEmail" time="38.324"/>
  <system-out>
    <![CDATA[Test Passed: Validation Message was Displayed mentioning Invalid Email was not Registered]]>
  </system-out>
  <testcase classname="com.project.zetalabs.tests.LoginTest" name="verifyIncorrectCredentials" time="34.688"/>
  <system-out>
    <![CDATA[Test Passed: Validation Message was Displayed mentioning Email was not Registered]]>
  </system-out>
  <testcase classname="com.project.zetalabs.tests.LoginTest" name="verifyBlankCredentials" time="36.917"/>
  <system-out>
    <![CDATA[Test Passed: Validation Message was Displayed below the form]]>
  </system-out>
  <testcase classname="com.project.zetalabs.tests.LoginTest" name="verifyInvalidEmailFormat" time="34.450"/>
  <system-out>
    <![CDATA[Test Passed: Validation Message was Displayed below the Email Form]]>
  </system-out>
  <testcase classname="com.project.zetalabs.tests.LoginTest" name="verifyInvalidPasswordFormat" time="34.926"/>
  <system-out>
    <![CDATA[Test Passed: Validation Message was Displayed mentioning Invalid Email was not Registered]]>
  </system-out>
  <testcase classname="com.project.zetalabs.tests.LoginTest" name="verifyVerifiedValidResetEmail" time="40.059"/>
  <system-out>
    <![CDATA[Test Passed: Validation Message was Displayed mentioning Password Reset Link Sent to mail]]>
  </system-out>
  <testcase classname="com.project.zetalabs.tests.LoginTest" name="verifyUnverifiedValidResetEmail" time="42.459"/>
  <system-out>
    <![CDATA[Test Passed: Validation Message was Displayed mentioning Password Reset Link Sent to mail]]>
  </system-out>
  <testcase classname="com.project.zetalabs.tests.LoginTest" name="verifyInvalidResetEmailFormat" time="34.232"/>
  <system-out>
    <![CDATA[Test Passed: Validation Message was Displayed mentioning Password Invalid Email]]>
  </system-out>
  <testcase classname="com.project.zetalabs.tests.LoginTest" name="verifyBlankResetPassword" time="37.055"/>
  <system-out>
    <![CDATA[Test Passed: Validation Message was Displayed below mentioning Email is Required]]>
  </system-out>
  <testcase classname="com.project.zetalabs.tests.LoginTest" name="verifyCancelBtnInResetPassword" time="30.281"/>
  <system-out>
    <![CDATA[Test Passed: Verified Login was Redirected to /login]]>
  </system-out>
</testsuite> <!-- com.project.zetalabs.tests.LoginTest -->
