<?xml version="1.0" encoding="UTF-8"?>
<!-- Generated by org.testng.reporters.JUnitReportReporter -->
<testsuite hostname="HaRdIk-PC" failures="0" tests="1" name="com.project.test.tests.LoginTest" time="9.247" errors="0" timestamp="2025-04-12T18:52:52 NPT" skipped="0">
  <testcase classname="com.project.test.tests.LoginTest" name="verifyValidLoginWithValidCredentialsAdmin" time="9.247"/>
</testsuite> <!-- com.project.test.tests.LoginTest -->
