<?xml version="1.0" encoding="UTF-8"?>
<!-- Generated by org.testng.reporters.JUnitReportReporter -->
<testsuite hostname="HaRdIk-PC" failures="0" tests="1" name="com.project.test.automationqa.RegisterTest" time="21.748" errors="0" timestamp="2024-09-20T12:45:44 NPT" skipped="0">
  <testcase classname="com.project.test.automationqa.RegisterTest" name="verifyRegisterTest" time="21.748"/>
  <system-out/>
</testsuite> <!-- com.project.test.automationqa.RegisterTest -->
