<?xml version="1.0" encoding="UTF-8"?>
<!-- Generated by org.testng.reporters.JUnitReportReporter -->
<testsuite hostname="DESKTOP-HKVN9FH" failures="0" tests="5" name="com.project.zetalabs.tests.LoginTest" time="63.100" errors="0" timestamp="2025-01-29T10:10:52 GMT+05:45" skipped="0">
  <testcase classname="com.project.zetalabs.tests.LoginTest" name="verifyCorrectCredentials" time="13.919"/>
  <system-out>
    <![CDATA[TestCase for Correct Both Credentials]]>
  </system-out>
  <testcase classname="com.project.zetalabs.tests.LoginTest" name="verifyBlankCredentials" time="11.013"/>
  <system-out>
    <![CDATA[TestCase for Both Blank Credentials]]>
  </system-out>
  <testcase classname="com.project.zetalabs.tests.LoginTest" name="verifyIncorrectEmail" time="12.443"/>
  <system-out>
    <![CDATA[TestCase for Incorrect Email and Correct Password]]>
  </system-out>
  <testcase classname="com.project.zetalabs.tests.LoginTest" name="verifyIncorrectPassword" time="12.800"/>
  <system-out>
    <![CDATA[TestCase for Correct Email and Incorrect Password]]>
  </system-out>
  <testcase classname="com.project.zetalabs.tests.LoginTest" name="verifyIncorrectCredentials" time="12.925"/>
  <system-out>
    <![CDATA[TestCase for Both Incorrect Credentials]]>
  </system-out>
</testsuite> <!-- com.project.zetalabs.tests.LoginTest -->
