<?xml version="1.0" encoding="UTF-8"?>
<!-- Generated by org.testng.reporters.JUnitReportReporter -->
<testsuite hostname="DESKTOP-HKVN9FH" failures="0" tests="4" name="com.project.automationexercise.tests.RegisterTest" time="64.928" errors="0" timestamp="2025-04-27T14:48:02 GMT+05:45" skipped="0">
  <testcase classname="com.project.automationexercise.tests.RegisterTest" name="testCompleteRegistrationWithDataStorage" time="35.829"/>
  <testcase classname="com.project.automationexercise.tests.RegisterTest" name="verifyStoredRegistrationData" time="5.660"/>
  <testcase classname="com.project.automationexercise.tests.RegisterTest" name="testDuplicateRegistrationWithStoredEmail" time="11.119"/>
  <testcase classname="com.project.automationexercise.tests.RegisterTest" name="testMinimalRegistration" time="12.320"/>
</testsuite> <!-- com.project.automationexercise.tests.RegisterTest -->
