<?xml version="1.0" encoding="UTF-8"?>
<!-- Generated by org.testng.reporters.JUnitReportReporter -->
<testsuite hostname="HaRdIk-PC" failures="0" tests="6" name="com.project.automationqa.tests.ProductBrowsingTest" time="87.429" errors="0" timestamp="2025-04-30T17:48:34 NPT" skipped="0">
  <testcase classname="com.project.automationqa.tests.ProductBrowsingTest" name="testProductBrowsingAndFiltering" time="13.413">
    <system-out>
      <![CDATA[Starting testProductBrowsingAndFiltering test
Navigated to products page
Applied Women > Dress filter
Verified filtered products contain 'dress' keyword]]>
    </system-out>
  </testcase> <!-- testProductBrowsingAndFiltering -->
  <testcase classname="com.project.automationqa.tests.ProductBrowsingTest" name="testClickOnFirstProduct" time="13.075">
    <system-out>
      <![CDATA[Starting testClickOnFirstProduct test
Navigated to products page
Clicked on first product
Retrieved product details - Name: Blue Top, Price: Rs. 500
Verified product details are valid]]>
    </system-out>
  </testcase> <!-- testClickOnFirstProduct -->
  <testcase classname="com.project.automationqa.tests.ProductBrowsingTest" name="testViewProductDetails" time="12.648">
    <system-out>
      <![CDATA[Starting testViewProductDetails test
Navigated to products page
Clicked view product button
Verified product availability in detailed view: Availability: In Stock]]>
    </system-out>
  </testcase> <!-- testViewProductDetails -->
  <testcase classname="com.project.automationqa.tests.ProductBrowsingTest" name="testAddToCartWithIncreasedQuantity" time="20.649">
    <system-out>
      <![CDATA[Starting testAddToCartWithIncreasedQuantity test
Navigated to products page
Clicked on first product
Increased product quantity to 2
Added product to cart
Navigated to products page
Clicked on first product
Increased product quantity to 2
Added product to cart
Verified items in cart]]>
    </system-out>
  </testcase> <!-- testAddToCartWithIncreasedQuantity -->
  <testcase classname="com.project.automationqa.tests.ProductBrowsingTest" name="testAddToCartWithMaximumQuantity" time="13.780">
    <system-out>
      <![CDATA[Starting testAddToCartWithMaximumQuantity test
Navigated to products page
Clicked on first product
Set product quantity to maximum (10)
Added product to cart
Verified items in cart]]>
    </system-out>
  </testcase> <!-- testAddToCartWithMaximumQuantity -->
  <testcase classname="com.project.automationqa.tests.ProductBrowsingTest" name="testAddToCartWithMinimumQuantity" time="13.864">
    <system-out>
      <![CDATA[Starting testAddToCartWithMinimumQuantity test
Navigated to products page
Clicked on first product
Set product quantity to minimum (1)
Added product to cart
Verified items in cart]]>
    </system-out>
  </testcase> <!-- testAddToCartWithMinimumQuantity -->
  <system-out>
    <![CDATA[Starting testProductBrowsingAndFiltering test
Navigated to products page
Applied Women > Dress filter
Verified filtered products contain 'dress' keyword
Starting testClickOnFirstProduct test
Navigated to products page
Clicked on first product
Retrieved product details - Name: Blue Top, Price: Rs. 500
Verified product details are valid
Starting testViewProductDetails test
Navigated to products page
Clicked view product button
Verified product availability in detailed view: Availability: In Stock
Starting testAddToCartWithIncreasedQuantity test
Navigated to products page
Clicked on first product
Increased product quantity to 2
Added product to cart
Navigated to products page
Clicked on first product
Increased product quantity to 2
Added product to cart
Verified items in cart
Starting testAddToCartWithMaximumQuantity test
Navigated to products page
Clicked on first product
Set product quantity to maximum (10)
Added product to cart
Verified items in cart
Starting testAddToCartWithMinimumQuantity test
Navigated to products page
Clicked on first product
Set product quantity to minimum (1)
Added product to cart
Verified items in cart]]>
  </system-out>
</testsuite> <!-- com.project.automationqa.tests.ProductBrowsingTest -->
