<?xml version="1.0" encoding="UTF-8"?>
<!-- Generated by org.testng.reporters.JUnitReportReporter -->
<testsuite hostname="HaRdIk-PC" failures="0" tests="4" name="com.project.automationexercise.tests.RegisterTest" time="60.904" errors="0" timestamp="2025-04-26T20:58:15 NPT" skipped="0">
  <testcase classname="com.project.automationexercise.tests.RegisterTest" name="testCompleteRegistrationWithDataStorage" time="34.445"/>
  <testcase classname="com.project.automationexercise.tests.RegisterTest" name="verifyStoredRegistrationData" time="5.360"/>
  <testcase classname="com.project.automationexercise.tests.RegisterTest" name="testDuplicateRegistrationWithStoredEmail" time="8.650"/>
  <testcase classname="com.project.automationexercise.tests.RegisterTest" name="testMinimalRegistration" time="12.449"/>
</testsuite> <!-- com.project.automationexercise.tests.RegisterTest -->
