<?xml version="1.0" encoding="UTF-8"?>
<!-- Generated by org.testng.reporters.JUnitReportReporter -->
<testsuite hostname="HaRdIk-PC" failures="0" tests="4" name="com.project.automationexercise.tests.LoginTest" time="65.084" errors="0" timestamp="2025-04-26T21:04:52 NPT" skipped="0">
  <testcase classname="com.project.automationexercise.tests.LoginTest" name="testSuccessfulLogin" time="8.556"/>
  <testcase classname="com.project.automationexercise.tests.LoginTest" name="testLogout" time="32.364"/>
  <testcase classname="com.project.automationexercise.tests.LoginTest" name="testInvalidLogin" time="9.195"/>
  <testcase classname="com.project.automationexercise.tests.LoginTest" name="testReLogin" time="14.969"/>
</testsuite> <!-- com.project.automationexercise.tests.LoginTest -->
