<?xml version="1.0" encoding="UTF-8"?>
<!-- Generated by org.testng.reporters.JUnitReportReporter -->
<testsuite hostname="DESKTOP-HKVN9FH" failures="0" tests="1" name="com.project.zetalabs.tests.GoToDashboardTest" time="25.163" errors="0" timestamp="2025-01-29T10:32:57 GMT+05:45" skipped="0">
  <testcase classname="com.project.zetalabs.tests.GoToDashboardTest" name="verifyCorrectCredentials" time="25.163"/>
  <system-out>
    <![CDATA[TestCase for Correct Both Credentials]]>
  </system-out>
</testsuite> <!-- com.project.zetalabs.tests.GoToDashboardTest -->
