<?xml version="1.0" encoding="UTF-8"?>
<!-- Generated by org.testng.reporters.JUnitReportReporter -->
<testsuite hostname="DESKTOP-HKVN9FH" failures="0" tests="1" name="com.project.zetalabs.tests.GoToDashboardTest" time="21.693" errors="0" timestamp="2025-02-02T10:07:37 GMT+05:45" skipped="0">
  <testcase classname="com.project.zetalabs.tests.GoToDashboardTest" name="verifyCreateAdminBlank" time="21.693"/>
  <system-out>
    <![CDATA[Test Case for Clicking Admin Sidebar]]>
  </system-out>
</testsuite> <!-- com.project.zetalabs.tests.GoToDashboardTest -->
