<?xml version="1.0" encoding="UTF-8"?>
<!-- Generated by org.testng.reporters.JUnitReportReporter -->
<testsuite hostname="HaRdIk-PC" failures="0" tests="3" name="com.project.automationqa.tests.CheckoutTest" time="43.952" errors="0" timestamp="2025-04-30T17:49:25 NPT" skipped="0">
  <testcase classname="com.project.automationqa.tests.CheckoutTest" name="testProceedToCheckout" time="14.079">
    <system-out>
      <![CDATA[Starting testProceedToCheckout test
Logged in successfully
Added items to cart
Verified proceed to checkout button is visible]]>
    </system-out>
  </testcase> <!-- testProceedToCheckout -->
  <testcase classname="com.project.automationqa.tests.CheckoutTest" name="testCheckoutPageNavigation" time="14.806">
    <system-out>
      <![CDATA[Starting testCheckoutPageNavigation test
Logged in successfully
Navigated to checkout page
Verified all checkout form elements are visible
Clicked Place Order button]]>
    </system-out>
  </testcase> <!-- testCheckoutPageNavigation -->
  <testcase classname="com.project.automationqa.tests.CheckoutTest" name="testPaymentDetailsEntryAndOrderConfirmation" time="15.067">
    <system-out>
      <![CDATA[Starting testPaymentDetailsEntryAndOrderConfirmation test
Logged in successfully
Entered payment details
Submitted payment
Verified order confirmation: Congratulations! Your order has been confirmed!]]>
    </system-out>
  </testcase> <!-- testPaymentDetailsEntryAndOrderConfirmation -->
  <system-out>
    <![CDATA[Starting testProceedToCheckout test
Logged in successfully
Added items to cart
Verified proceed to checkout button is visible
Starting testCheckoutPageNavigation test
Logged in successfully
Navigated to checkout page
Verified all checkout form elements are visible
Clicked Place Order button
Starting testPaymentDetailsEntryAndOrderConfirmation test
Logged in successfully
Entered payment details
Submitted payment
Verified order confirmation: Congratulations! Your order has been confirmed!]]>
  </system-out>
</testsuite> <!-- com.project.automationqa.tests.CheckoutTest -->
